[2022-09-15 08:10:31] local.ERROR: include(C:\xampp\htdocs\cat-shelter\vendor\composer/../laravel/breeze/src/BreezeServiceProvider.php): Failed to open stream: No such file or directory {"exception":"[object] (ErrorException(code: 0): include(C:\\xampp\\htdocs\\cat-shelter\\vendor\\composer/../laravel/breeze/src/BreezeServiceProvider.php): Failed to open stream: No such file or directory at C:\\xampp\\htdocs\\cat-shelter\\vendor\\composer\\ClassLoader.php:571)
[stacktrace]
#0 C:\\xampp\\htdocs\\cat-shelter\\vendor\\composer\\ClassLoader.php(571): Illuminate\\Foundation\\Bootstrap\\HandleExceptions->handleError(2, 'include(C:\\\\xamp...', 'C:\\\\xampp\\\\htdocs...', 571)
#1 C:\\xampp\\htdocs\\cat-shelter\\vendor\\composer\\ClassLoader.php(571): include()
#2 C:\\xampp\\htdocs\\cat-shelter\\vendor\\composer\\ClassLoader.php(428): Composer\\Autoload\\includeFile('C:\\\\xampp\\\\htdocs...')
#3 C:\\xampp\\htdocs\\cat-shelter\\vendor\\laravel\\framework\\src\\Illuminate\\Foundation\\Application.php(816): Composer\\Autoload\\ClassLoader->loadClass('Laravel\\\\Breeze\\\\...')
#4 C:\\xampp\\htdocs\\cat-shelter\\vendor\\laravel\\framework\\src\\Illuminate\\Foundation\\Application.php(796): Illuminate\\Foundation\\Application->registerDeferredProvider('Laravel\\\\Breeze\\\\...', 'Laravel\\\\Breeze\\\\...')
#5 C:\\xampp\\htdocs\\cat-shelter\\vendor\\laravel\\framework\\src\\Illuminate\\Foundation\\Application.php(772): Illuminate\\Foundation\\Application->loadDeferredProvider('Laravel\\\\Breeze\\\\...')
#6 C:\\xampp\\htdocs\\cat-shelter\\vendor\\laravel\\framework\\src\\Illuminate\\Foundation\\Console\\Kernel.php(313): Illuminate\\Foundation\\Application->loadDeferredProviders()
#7 C:\\xampp\\htdocs\\cat-shelter\\vendor\\laravel\\framework\\src\\Illuminate\\Foundation\\Console\\Kernel.php(127): Illuminate\\Foundation\\Console\\Kernel->bootstrap()
#8 Command line code(1): Illuminate\\Foundation\\Console\\Kernel->handle(Object(Symfony\\Component\\Console\\Input\\ArgvInput), Object(Symfony\\Component\\Console\\Output\\ConsoleOutput))
#9 {main}
"} 
[2022-09-15 08:10:31] local.ERROR: include(C:\xampp\htdocs\cat-shelter\vendor\composer/../laravel/breeze/src/BreezeServiceProvider.php): Failed to open stream: No such file or directory {"exception":"[object] (ErrorException(code: 0): include(C:\\xampp\\htdocs\\cat-shelter\\vendor\\composer/../laravel/breeze/src/BreezeServiceProvider.php): Failed to open stream: No such file or directory at C:\\xampp\\htdocs\\cat-shelter\\vendor\\composer\\ClassLoader.php:571)
[stacktrace]
#0 C:\\xampp\\htdocs\\cat-shelter\\vendor\\composer\\ClassLoader.php(571): Illuminate\\Foundation\\Bootstrap\\HandleExceptions->handleError(2, 'include(C:\\\\xamp...', 'C:\\\\xampp\\\\htdocs...', 571)
#1 C:\\xampp\\htdocs\\cat-shelter\\vendor\\composer\\ClassLoader.php(571): include()
#2 C:\\xampp\\htdocs\\cat-shelter\\vendor\\composer\\ClassLoader.php(428): Composer\\Autoload\\includeFile('C:\\\\xampp\\\\htdocs...')
#3 C:\\xampp\\htdocs\\cat-shelter\\vendor\\laravel\\framework\\src\\Illuminate\\Foundation\\Application.php(816): Composer\\Autoload\\ClassLoader->loadClass('Laravel\\\\Breeze\\\\...')
#4 C:\\xampp\\htdocs\\cat-shelter\\vendor\\laravel\\framework\\src\\Illuminate\\Foundation\\Application.php(796): Illuminate\\Foundation\\Application->registerDeferredProvider('Laravel\\\\Breeze\\\\...', 'Laravel\\\\Breeze\\\\...')
#5 C:\\xampp\\htdocs\\cat-shelter\\vendor\\laravel\\framework\\src\\Illuminate\\Foundation\\Application.php(772): Illuminate\\Foundation\\Application->loadDeferredProvider('Laravel\\\\Breeze\\\\...')
#6 C:\\xampp\\htdocs\\cat-shelter\\vendor\\laravel\\framework\\src\\Illuminate\\Foundation\\Console\\Kernel.php(313): Illuminate\\Foundation\\Application->loadDeferredProviders()
#7 C:\\xampp\\htdocs\\cat-shelter\\vendor\\laravel\\framework\\src\\Illuminate\\Foundation\\Console\\Kernel.php(127): Illuminate\\Foundation\\Console\\Kernel->bootstrap()
#8 Command line code(1): Illuminate\\Foundation\\Console\\Kernel->handle(Object(Symfony\\Component\\Console\\Input\\ArgvInput), Object(Symfony\\Component\\Console\\Output\\ConsoleOutput))
#9 {main}
"} 
[2022-09-15 08:10:32] local.ERROR: include(C:\xampp\htdocs\cat-shelter\vendor\composer/../laravel/breeze/src/BreezeServiceProvider.php): Failed to open stream: No such file or directory {"exception":"[object] (ErrorException(code: 0): include(C:\\xampp\\htdocs\\cat-shelter\\vendor\\composer/../laravel/breeze/src/BreezeServiceProvider.php): Failed to open stream: No such file or directory at C:\\xampp\\htdocs\\cat-shelter\\vendor\\composer\\ClassLoader.php:571)
[stacktrace]
#0 C:\\xampp\\htdocs\\cat-shelter\\vendor\\composer\\ClassLoader.php(571): Illuminate\\Foundation\\Bootstrap\\HandleExceptions->handleError(2, 'include(C:\\\\xamp...', 'C:\\\\xampp\\\\htdocs...', 571)
#1 C:\\xampp\\htdocs\\cat-shelter\\vendor\\composer\\ClassLoader.php(571): include()
#2 C:\\xampp\\htdocs\\cat-shelter\\vendor\\composer\\ClassLoader.php(428): Composer\\Autoload\\includeFile('C:\\\\xampp\\\\htdocs...')
#3 C:\\xampp\\htdocs\\cat-shelter\\vendor\\laravel\\framework\\src\\Illuminate\\Foundation\\Application.php(816): Composer\\Autoload\\ClassLoader->loadClass('Laravel\\\\Breeze\\\\...')
#4 C:\\xampp\\htdocs\\cat-shelter\\vendor\\laravel\\framework\\src\\Illuminate\\Foundation\\Application.php(796): Illuminate\\Foundation\\Application->registerDeferredProvider('Laravel\\\\Breeze\\\\...', 'Laravel\\\\Breeze\\\\...')
#5 C:\\xampp\\htdocs\\cat-shelter\\vendor\\laravel\\framework\\src\\Illuminate\\Foundation\\Application.php(772): Illuminate\\Foundation\\Application->loadDeferredProvider('Laravel\\\\Breeze\\\\...')
#6 C:\\xampp\\htdocs\\cat-shelter\\vendor\\laravel\\framework\\src\\Illuminate\\Foundation\\Console\\Kernel.php(313): Illuminate\\Foundation\\Application->loadDeferredProviders()
#7 C:\\xampp\\htdocs\\cat-shelter\\vendor\\laravel\\framework\\src\\Illuminate\\Foundation\\Console\\Kernel.php(127): Illuminate\\Foundation\\Console\\Kernel->bootstrap()
#8 Command line code(1): Illuminate\\Foundation\\Console\\Kernel->handle(Object(Symfony\\Component\\Console\\Input\\ArgvInput), Object(Symfony\\Component\\Console\\Output\\ConsoleOutput))
#9 {main}
"} 
[2022-09-15 08:10:32] local.ERROR: include(C:\xampp\htdocs\cat-shelter\vendor\composer/../laravel/breeze/src/BreezeServiceProvider.php): Failed to open stream: No such file or directory {"exception":"[object] (ErrorException(code: 0): include(C:\\xampp\\htdocs\\cat-shelter\\vendor\\composer/../laravel/breeze/src/BreezeServiceProvider.php): Failed to open stream: No such file or directory at C:\\xampp\\htdocs\\cat-shelter\\vendor\\composer\\ClassLoader.php:571)
[stacktrace]
#0 C:\\xampp\\htdocs\\cat-shelter\\vendor\\composer\\ClassLoader.php(571): Illuminate\\Foundation\\Bootstrap\\HandleExceptions->handleError(2, 'include(C:\\\\xamp...', 'C:\\\\xampp\\\\htdocs...', 571)
#1 C:\\xampp\\htdocs\\cat-shelter\\vendor\\composer\\ClassLoader.php(571): include()
#2 C:\\xampp\\htdocs\\cat-shelter\\vendor\\composer\\ClassLoader.php(428): Composer\\Autoload\\includeFile('C:\\\\xampp\\\\htdocs...')
#3 C:\\xampp\\htdocs\\cat-shelter\\vendor\\laravel\\framework\\src\\Illuminate\\Foundation\\Application.php(816): Composer\\Autoload\\ClassLoader->loadClass('Laravel\\\\Breeze\\\\...')
#4 C:\\xampp\\htdocs\\cat-shelter\\vendor\\laravel\\framework\\src\\Illuminate\\Foundation\\Application.php(796): Illuminate\\Foundation\\Application->registerDeferredProvider('Laravel\\\\Breeze\\\\...', 'Laravel\\\\Breeze\\\\...')
#5 C:\\xampp\\htdocs\\cat-shelter\\vendor\\laravel\\framework\\src\\Illuminate\\Foundation\\Application.php(772): Illuminate\\Foundation\\Application->loadDeferredProvider('Laravel\\\\Breeze\\\\...')
#6 C:\\xampp\\htdocs\\cat-shelter\\vendor\\laravel\\framework\\src\\Illuminate\\Foundation\\Console\\Kernel.php(313): Illuminate\\Foundation\\Application->loadDeferredProviders()
#7 C:\\xampp\\htdocs\\cat-shelter\\vendor\\laravel\\framework\\src\\Illuminate\\Foundation\\Console\\Kernel.php(127): Illuminate\\Foundation\\Console\\Kernel->bootstrap()
#8 Command line code(1): Illuminate\\Foundation\\Console\\Kernel->handle(Object(Symfony\\Component\\Console\\Input\\ArgvInput), Object(Symfony\\Component\\Console\\Output\\ConsoleOutput))
#9 {main}
"} 
[2022-09-15 08:10:33] local.ERROR: include(C:\xampp\htdocs\cat-shelter\vendor\composer/../laravel/breeze/src/BreezeServiceProvider.php): Failed to open stream: No such file or directory {"exception":"[object] (ErrorException(code: 0): include(C:\\xampp\\htdocs\\cat-shelter\\vendor\\composer/../laravel/breeze/src/BreezeServiceProvider.php): Failed to open stream: No such file or directory at C:\\xampp\\htdocs\\cat-shelter\\vendor\\composer\\ClassLoader.php:571)
[stacktrace]
#0 C:\\xampp\\htdocs\\cat-shelter\\vendor\\composer\\ClassLoader.php(571): Illuminate\\Foundation\\Bootstrap\\HandleExceptions->handleError(2, 'include(C:\\\\xamp...', 'C:\\\\xampp\\\\htdocs...', 571)
#1 C:\\xampp\\htdocs\\cat-shelter\\vendor\\composer\\ClassLoader.php(571): include()
#2 C:\\xampp\\htdocs\\cat-shelter\\vendor\\composer\\ClassLoader.php(428): Composer\\Autoload\\includeFile('C:\\\\xampp\\\\htdocs...')
#3 C:\\xampp\\htdocs\\cat-shelter\\vendor\\laravel\\framework\\src\\Illuminate\\Foundation\\Application.php(816): Composer\\Autoload\\ClassLoader->loadClass('Laravel\\\\Breeze\\\\...')
#4 C:\\xampp\\htdocs\\cat-shelter\\vendor\\laravel\\framework\\src\\Illuminate\\Foundation\\Application.php(796): Illuminate\\Foundation\\Application->registerDeferredProvider('Laravel\\\\Breeze\\\\...', 'Laravel\\\\Breeze\\\\...')
#5 C:\\xampp\\htdocs\\cat-shelter\\vendor\\laravel\\framework\\src\\Illuminate\\Foundation\\Application.php(772): Illuminate\\Foundation\\Application->loadDeferredProvider('Laravel\\\\Breeze\\\\...')
#6 C:\\xampp\\htdocs\\cat-shelter\\vendor\\laravel\\framework\\src\\Illuminate\\Foundation\\Console\\Kernel.php(313): Illuminate\\Foundation\\Application->loadDeferredProviders()
#7 C:\\xampp\\htdocs\\cat-shelter\\vendor\\laravel\\framework\\src\\Illuminate\\Foundation\\Console\\Kernel.php(127): Illuminate\\Foundation\\Console\\Kernel->bootstrap()
#8 Command line code(1): Illuminate\\Foundation\\Console\\Kernel->handle(Object(Symfony\\Component\\Console\\Input\\ArgvInput), Object(Symfony\\Component\\Console\\Output\\ConsoleOutput))
#9 {main}
"} 
[2022-09-15 08:10:33] local.ERROR: include(C:\xampp\htdocs\cat-shelter\vendor\composer/../laravel/breeze/src/BreezeServiceProvider.php): Failed to open stream: No such file or directory {"exception":"[object] (ErrorException(code: 0): include(C:\\xampp\\htdocs\\cat-shelter\\vendor\\composer/../laravel/breeze/src/BreezeServiceProvider.php): Failed to open stream: No such file or directory at C:\\xampp\\htdocs\\cat-shelter\\vendor\\composer\\ClassLoader.php:571)
[stacktrace]
#0 C:\\xampp\\htdocs\\cat-shelter\\vendor\\composer\\ClassLoader.php(571): Illuminate\\Foundation\\Bootstrap\\HandleExceptions->handleError(2, 'include(C:\\\\xamp...', 'C:\\\\xampp\\\\htdocs...', 571)
#1 C:\\xampp\\htdocs\\cat-shelter\\vendor\\composer\\ClassLoader.php(571): include()
#2 C:\\xampp\\htdocs\\cat-shelter\\vendor\\composer\\ClassLoader.php(428): Composer\\Autoload\\includeFile('C:\\\\xampp\\\\htdocs...')
#3 C:\\xampp\\htdocs\\cat-shelter\\vendor\\laravel\\framework\\src\\Illuminate\\Foundation\\Application.php(816): Composer\\Autoload\\ClassLoader->loadClass('Laravel\\\\Breeze\\\\...')
#4 C:\\xampp\\htdocs\\cat-shelter\\vendor\\laravel\\framework\\src\\Illuminate\\Foundation\\Application.php(796): Illuminate\\Foundation\\Application->registerDeferredProvider('Laravel\\\\Breeze\\\\...', 'Laravel\\\\Breeze\\\\...')
#5 C:\\xampp\\htdocs\\cat-shelter\\vendor\\laravel\\framework\\src\\Illuminate\\Foundation\\Application.php(772): Illuminate\\Foundation\\Application->loadDeferredProvider('Laravel\\\\Breeze\\\\...')
#6 C:\\xampp\\htdocs\\cat-shelter\\vendor\\laravel\\framework\\src\\Illuminate\\Foundation\\Console\\Kernel.php(313): Illuminate\\Foundation\\Application->loadDeferredProviders()
#7 C:\\xampp\\htdocs\\cat-shelter\\vendor\\laravel\\framework\\src\\Illuminate\\Foundation\\Console\\Kernel.php(127): Illuminate\\Foundation\\Console\\Kernel->bootstrap()
#8 Command line code(1): Illuminate\\Foundation\\Console\\Kernel->handle(Object(Symfony\\Component\\Console\\Input\\ArgvInput), Object(Symfony\\Component\\Console\\Output\\ConsoleOutput))
#9 {main}
"} 
[2022-09-15 08:10:34] local.ERROR: include(C:\xampp\htdocs\cat-shelter\vendor\composer/../laravel/breeze/src/BreezeServiceProvider.php): Failed to open stream: No such file or directory {"exception":"[object] (ErrorException(code: 0): include(C:\\xampp\\htdocs\\cat-shelter\\vendor\\composer/../laravel/breeze/src/BreezeServiceProvider.php): Failed to open stream: No such file or directory at C:\\xampp\\htdocs\\cat-shelter\\vendor\\composer\\ClassLoader.php:571)
[stacktrace]
#0 C:\\xampp\\htdocs\\cat-shelter\\vendor\\composer\\ClassLoader.php(571): Illuminate\\Foundation\\Bootstrap\\HandleExceptions->handleError(2, 'include(C:\\\\xamp...', 'C:\\\\xampp\\\\htdocs...', 571)
#1 C:\\xampp\\htdocs\\cat-shelter\\vendor\\composer\\ClassLoader.php(571): include()
#2 C:\\xampp\\htdocs\\cat-shelter\\vendor\\composer\\ClassLoader.php(428): Composer\\Autoload\\includeFile('C:\\\\xampp\\\\htdocs...')
#3 C:\\xampp\\htdocs\\cat-shelter\\vendor\\laravel\\framework\\src\\Illuminate\\Foundation\\Application.php(816): Composer\\Autoload\\ClassLoader->loadClass('Laravel\\\\Breeze\\\\...')
#4 C:\\xampp\\htdocs\\cat-shelter\\vendor\\laravel\\framework\\src\\Illuminate\\Foundation\\Application.php(796): Illuminate\\Foundation\\Application->registerDeferredProvider('Laravel\\\\Breeze\\\\...', 'Laravel\\\\Breeze\\\\...')
#5 C:\\xampp\\htdocs\\cat-shelter\\vendor\\laravel\\framework\\src\\Illuminate\\Foundation\\Application.php(772): Illuminate\\Foundation\\Application->loadDeferredProvider('Laravel\\\\Breeze\\\\...')
#6 C:\\xampp\\htdocs\\cat-shelter\\vendor\\laravel\\framework\\src\\Illuminate\\Foundation\\Console\\Kernel.php(313): Illuminate\\Foundation\\Application->loadDeferredProviders()
#7 C:\\xampp\\htdocs\\cat-shelter\\vendor\\laravel\\framework\\src\\Illuminate\\Foundation\\Console\\Kernel.php(127): Illuminate\\Foundation\\Console\\Kernel->bootstrap()
#8 Command line code(1): Illuminate\\Foundation\\Console\\Kernel->handle(Object(Symfony\\Component\\Console\\Input\\ArgvInput), Object(Symfony\\Component\\Console\\Output\\ConsoleOutput))
#9 {main}
"} 
[2022-09-15 08:10:34] local.ERROR: include(C:\xampp\htdocs\cat-shelter\vendor\composer/../laravel/breeze/src/BreezeServiceProvider.php): Failed to open stream: No such file or directory {"exception":"[object] (ErrorException(code: 0): include(C:\\xampp\\htdocs\\cat-shelter\\vendor\\composer/../laravel/breeze/src/BreezeServiceProvider.php): Failed to open stream: No such file or directory at C:\\xampp\\htdocs\\cat-shelter\\vendor\\composer\\ClassLoader.php:571)
[stacktrace]
#0 C:\\xampp\\htdocs\\cat-shelter\\vendor\\composer\\ClassLoader.php(571): Illuminate\\Foundation\\Bootstrap\\HandleExceptions->handleError(2, 'include(C:\\\\xamp...', 'C:\\\\xampp\\\\htdocs...', 571)
#1 C:\\xampp\\htdocs\\cat-shelter\\vendor\\composer\\ClassLoader.php(571): include()
#2 C:\\xampp\\htdocs\\cat-shelter\\vendor\\composer\\ClassLoader.php(428): Composer\\Autoload\\includeFile('C:\\\\xampp\\\\htdocs...')
#3 C:\\xampp\\htdocs\\cat-shelter\\vendor\\laravel\\framework\\src\\Illuminate\\Foundation\\Application.php(816): Composer\\Autoload\\ClassLoader->loadClass('Laravel\\\\Breeze\\\\...')
#4 C:\\xampp\\htdocs\\cat-shelter\\vendor\\laravel\\framework\\src\\Illuminate\\Foundation\\Application.php(796): Illuminate\\Foundation\\Application->registerDeferredProvider('Laravel\\\\Breeze\\\\...', 'Laravel\\\\Breeze\\\\...')
#5 C:\\xampp\\htdocs\\cat-shelter\\vendor\\laravel\\framework\\src\\Illuminate\\Foundation\\Application.php(772): Illuminate\\Foundation\\Application->loadDeferredProvider('Laravel\\\\Breeze\\\\...')
#6 C:\\xampp\\htdocs\\cat-shelter\\vendor\\laravel\\framework\\src\\Illuminate\\Foundation\\Console\\Kernel.php(313): Illuminate\\Foundation\\Application->loadDeferredProviders()
#7 C:\\xampp\\htdocs\\cat-shelter\\vendor\\laravel\\framework\\src\\Illuminate\\Foundation\\Console\\Kernel.php(127): Illuminate\\Foundation\\Console\\Kernel->bootstrap()
#8 Command line code(1): Illuminate\\Foundation\\Console\\Kernel->handle(Object(Symfony\\Component\\Console\\Input\\ArgvInput), Object(Symfony\\Component\\Console\\Output\\ConsoleOutput))
#9 {main}
"} 
[2022-09-15 08:10:35] local.ERROR: include(C:\xampp\htdocs\cat-shelter\vendor\composer/../laravel/breeze/src/BreezeServiceProvider.php): Failed to open stream: No such file or directory {"exception":"[object] (ErrorException(code: 0): include(C:\\xampp\\htdocs\\cat-shelter\\vendor\\composer/../laravel/breeze/src/BreezeServiceProvider.php): Failed to open stream: No such file or directory at C:\\xampp\\htdocs\\cat-shelter\\vendor\\composer\\ClassLoader.php:571)
[stacktrace]
#0 C:\\xampp\\htdocs\\cat-shelter\\vendor\\composer\\ClassLoader.php(571): Illuminate\\Foundation\\Bootstrap\\HandleExceptions->handleError(2, 'include(C:\\\\xamp...', 'C:\\\\xampp\\\\htdocs...', 571)
#1 C:\\xampp\\htdocs\\cat-shelter\\vendor\\composer\\ClassLoader.php(571): include()
#2 C:\\xampp\\htdocs\\cat-shelter\\vendor\\composer\\ClassLoader.php(428): Composer\\Autoload\\includeFile('C:\\\\xampp\\\\htdocs...')
#3 C:\\xampp\\htdocs\\cat-shelter\\vendor\\laravel\\framework\\src\\Illuminate\\Foundation\\Application.php(816): Composer\\Autoload\\ClassLoader->loadClass('Laravel\\\\Breeze\\\\...')
#4 C:\\xampp\\htdocs\\cat-shelter\\vendor\\laravel\\framework\\src\\Illuminate\\Foundation\\Application.php(796): Illuminate\\Foundation\\Application->registerDeferredProvider('Laravel\\\\Breeze\\\\...', 'Laravel\\\\Breeze\\\\...')
#5 C:\\xampp\\htdocs\\cat-shelter\\vendor\\laravel\\framework\\src\\Illuminate\\Foundation\\Application.php(772): Illuminate\\Foundation\\Application->loadDeferredProvider('Laravel\\\\Breeze\\\\...')
#6 C:\\xampp\\htdocs\\cat-shelter\\vendor\\laravel\\framework\\src\\Illuminate\\Foundation\\Console\\Kernel.php(313): Illuminate\\Foundation\\Application->loadDeferredProviders()
#7 C:\\xampp\\htdocs\\cat-shelter\\vendor\\laravel\\framework\\src\\Illuminate\\Foundation\\Console\\Kernel.php(127): Illuminate\\Foundation\\Console\\Kernel->bootstrap()
#8 Command line code(1): Illuminate\\Foundation\\Console\\Kernel->handle(Object(Symfony\\Component\\Console\\Input\\ArgvInput), Object(Symfony\\Component\\Console\\Output\\ConsoleOutput))
#9 {main}
"} 
[2022-09-15 08:10:35] local.ERROR: include(C:\xampp\htdocs\cat-shelter\vendor\composer/../laravel/breeze/src/BreezeServiceProvider.php): Failed to open stream: No such file or directory {"exception":"[object] (ErrorException(code: 0): include(C:\\xampp\\htdocs\\cat-shelter\\vendor\\composer/../laravel/breeze/src/BreezeServiceProvider.php): Failed to open stream: No such file or directory at C:\\xampp\\htdocs\\cat-shelter\\vendor\\composer\\ClassLoader.php:571)
[stacktrace]
#0 C:\\xampp\\htdocs\\cat-shelter\\vendor\\composer\\ClassLoader.php(571): Illuminate\\Foundation\\Bootstrap\\HandleExceptions->handleError(2, 'include(C:\\\\xamp...', 'C:\\\\xampp\\\\htdocs...', 571)
#1 C:\\xampp\\htdocs\\cat-shelter\\vendor\\composer\\ClassLoader.php(571): include()
#2 C:\\xampp\\htdocs\\cat-shelter\\vendor\\composer\\ClassLoader.php(428): Composer\\Autoload\\includeFile('C:\\\\xampp\\\\htdocs...')
#3 C:\\xampp\\htdocs\\cat-shelter\\vendor\\laravel\\framework\\src\\Illuminate\\Foundation\\Application.php(816): Composer\\Autoload\\ClassLoader->loadClass('Laravel\\\\Breeze\\\\...')
#4 C:\\xampp\\htdocs\\cat-shelter\\vendor\\laravel\\framework\\src\\Illuminate\\Foundation\\Application.php(796): Illuminate\\Foundation\\Application->registerDeferredProvider('Laravel\\\\Breeze\\\\...', 'Laravel\\\\Breeze\\\\...')
#5 C:\\xampp\\htdocs\\cat-shelter\\vendor\\laravel\\framework\\src\\Illuminate\\Foundation\\Application.php(772): Illuminate\\Foundation\\Application->loadDeferredProvider('Laravel\\\\Breeze\\\\...')
#6 C:\\xampp\\htdocs\\cat-shelter\\vendor\\laravel\\framework\\src\\Illuminate\\Foundation\\Console\\Kernel.php(313): Illuminate\\Foundation\\Application->loadDeferredProviders()
#7 C:\\xampp\\htdocs\\cat-shelter\\vendor\\laravel\\framework\\src\\Illuminate\\Foundation\\Console\\Kernel.php(127): Illuminate\\Foundation\\Console\\Kernel->bootstrap()
#8 Command line code(1): Illuminate\\Foundation\\Console\\Kernel->handle(Object(Symfony\\Component\\Console\\Input\\ArgvInput), Object(Symfony\\Component\\Console\\Output\\ConsoleOutput))
#9 {main}
"} 
[2022-09-15 08:10:36] local.ERROR: include(C:\xampp\htdocs\cat-shelter\vendor\composer/../laravel/breeze/src/BreezeServiceProvider.php): Failed to open stream: No such file or directory {"exception":"[object] (ErrorException(code: 0): include(C:\\xampp\\htdocs\\cat-shelter\\vendor\\composer/../laravel/breeze/src/BreezeServiceProvider.php): Failed to open stream: No such file or directory at C:\\xampp\\htdocs\\cat-shelter\\vendor\\composer\\ClassLoader.php:571)
[stacktrace]
#0 C:\\xampp\\htdocs\\cat-shelter\\vendor\\composer\\ClassLoader.php(571): Illuminate\\Foundation\\Bootstrap\\HandleExceptions->handleError(2, 'include(C:\\\\xamp...', 'C:\\\\xampp\\\\htdocs...', 571)
#1 C:\\xampp\\htdocs\\cat-shelter\\vendor\\composer\\ClassLoader.php(571): include()
#2 C:\\xampp\\htdocs\\cat-shelter\\vendor\\composer\\ClassLoader.php(428): Composer\\Autoload\\includeFile('C:\\\\xampp\\\\htdocs...')
#3 C:\\xampp\\htdocs\\cat-shelter\\vendor\\laravel\\framework\\src\\Illuminate\\Foundation\\Application.php(816): Composer\\Autoload\\ClassLoader->loadClass('Laravel\\\\Breeze\\\\...')
#4 C:\\xampp\\htdocs\\cat-shelter\\vendor\\laravel\\framework\\src\\Illuminate\\Foundation\\Application.php(796): Illuminate\\Foundation\\Application->registerDeferredProvider('Laravel\\\\Breeze\\\\...', 'Laravel\\\\Breeze\\\\...')
#5 C:\\xampp\\htdocs\\cat-shelter\\vendor\\laravel\\framework\\src\\Illuminate\\Foundation\\Application.php(772): Illuminate\\Foundation\\Application->loadDeferredProvider('Laravel\\\\Breeze\\\\...')
#6 C:\\xampp\\htdocs\\cat-shelter\\vendor\\laravel\\framework\\src\\Illuminate\\Foundation\\Console\\Kernel.php(313): Illuminate\\Foundation\\Application->loadDeferredProviders()
#7 C:\\xampp\\htdocs\\cat-shelter\\vendor\\laravel\\framework\\src\\Illuminate\\Foundation\\Console\\Kernel.php(127): Illuminate\\Foundation\\Console\\Kernel->bootstrap()
#8 Command line code(1): Illuminate\\Foundation\\Console\\Kernel->handle(Object(Symfony\\Component\\Console\\Input\\ArgvInput), Object(Symfony\\Component\\Console\\Output\\ConsoleOutput))
#9 {main}
"} 
[2022-09-15 08:10:36] local.ERROR: include(C:\xampp\htdocs\cat-shelter\vendor\composer/../laravel/breeze/src/BreezeServiceProvider.php): Failed to open stream: No such file or directory {"exception":"[object] (ErrorException(code: 0): include(C:\\xampp\\htdocs\\cat-shelter\\vendor\\composer/../laravel/breeze/src/BreezeServiceProvider.php): Failed to open stream: No such file or directory at C:\\xampp\\htdocs\\cat-shelter\\vendor\\composer\\ClassLoader.php:571)
[stacktrace]
#0 C:\\xampp\\htdocs\\cat-shelter\\vendor\\composer\\ClassLoader.php(571): Illuminate\\Foundation\\Bootstrap\\HandleExceptions->handleError(2, 'include(C:\\\\xamp...', 'C:\\\\xampp\\\\htdocs...', 571)
#1 C:\\xampp\\htdocs\\cat-shelter\\vendor\\composer\\ClassLoader.php(571): include()
#2 C:\\xampp\\htdocs\\cat-shelter\\vendor\\composer\\ClassLoader.php(428): Composer\\Autoload\\includeFile('C:\\\\xampp\\\\htdocs...')
#3 C:\\xampp\\htdocs\\cat-shelter\\vendor\\laravel\\framework\\src\\Illuminate\\Foundation\\Application.php(816): Composer\\Autoload\\ClassLoader->loadClass('Laravel\\\\Breeze\\\\...')
#4 C:\\xampp\\htdocs\\cat-shelter\\vendor\\laravel\\framework\\src\\Illuminate\\Foundation\\Application.php(796): Illuminate\\Foundation\\Application->registerDeferredProvider('Laravel\\\\Breeze\\\\...', 'Laravel\\\\Breeze\\\\...')
#5 C:\\xampp\\htdocs\\cat-shelter\\vendor\\laravel\\framework\\src\\Illuminate\\Foundation\\Application.php(772): Illuminate\\Foundation\\Application->loadDeferredProvider('Laravel\\\\Breeze\\\\...')
#6 C:\\xampp\\htdocs\\cat-shelter\\vendor\\laravel\\framework\\src\\Illuminate\\Foundation\\Console\\Kernel.php(313): Illuminate\\Foundation\\Application->loadDeferredProviders()
#7 C:\\xampp\\htdocs\\cat-shelter\\vendor\\laravel\\framework\\src\\Illuminate\\Foundation\\Console\\Kernel.php(127): Illuminate\\Foundation\\Console\\Kernel->bootstrap()
#8 Command line code(1): Illuminate\\Foundation\\Console\\Kernel->handle(Object(Symfony\\Component\\Console\\Input\\ArgvInput), Object(Symfony\\Component\\Console\\Output\\ConsoleOutput))
#9 {main}
"} 
[2022-09-15 08:10:37] local.ERROR: include(C:\xampp\htdocs\cat-shelter\vendor\composer/../laravel/breeze/src/BreezeServiceProvider.php): Failed to open stream: No such file or directory {"exception":"[object] (ErrorException(code: 0): include(C:\\xampp\\htdocs\\cat-shelter\\vendor\\composer/../laravel/breeze/src/BreezeServiceProvider.php): Failed to open stream: No such file or directory at C:\\xampp\\htdocs\\cat-shelter\\vendor\\composer\\ClassLoader.php:571)
[stacktrace]
#0 C:\\xampp\\htdocs\\cat-shelter\\vendor\\composer\\ClassLoader.php(571): Illuminate\\Foundation\\Bootstrap\\HandleExceptions->handleError(2, 'include(C:\\\\xamp...', 'C:\\\\xampp\\\\htdocs...', 571)
#1 C:\\xampp\\htdocs\\cat-shelter\\vendor\\composer\\ClassLoader.php(571): include()
#2 C:\\xampp\\htdocs\\cat-shelter\\vendor\\composer\\ClassLoader.php(428): Composer\\Autoload\\includeFile('C:\\\\xampp\\\\htdocs...')
#3 C:\\xampp\\htdocs\\cat-shelter\\vendor\\laravel\\framework\\src\\Illuminate\\Foundation\\Application.php(816): Composer\\Autoload\\ClassLoader->loadClass('Laravel\\\\Breeze\\\\...')
#4 C:\\xampp\\htdocs\\cat-shelter\\vendor\\laravel\\framework\\src\\Illuminate\\Foundation\\Application.php(796): Illuminate\\Foundation\\Application->registerDeferredProvider('Laravel\\\\Breeze\\\\...', 'Laravel\\\\Breeze\\\\...')
#5 C:\\xampp\\htdocs\\cat-shelter\\vendor\\laravel\\framework\\src\\Illuminate\\Foundation\\Application.php(772): Illuminate\\Foundation\\Application->loadDeferredProvider('Laravel\\\\Breeze\\\\...')
#6 C:\\xampp\\htdocs\\cat-shelter\\vendor\\laravel\\framework\\src\\Illuminate\\Foundation\\Console\\Kernel.php(313): Illuminate\\Foundation\\Application->loadDeferredProviders()
#7 C:\\xampp\\htdocs\\cat-shelter\\vendor\\laravel\\framework\\src\\Illuminate\\Foundation\\Console\\Kernel.php(127): Illuminate\\Foundation\\Console\\Kernel->bootstrap()
#8 Command line code(1): Illuminate\\Foundation\\Console\\Kernel->handle(Object(Symfony\\Component\\Console\\Input\\ArgvInput), Object(Symfony\\Component\\Console\\Output\\ConsoleOutput))
#9 {main}
"} 
[2022-09-15 08:10:37] local.ERROR: include(C:\xampp\htdocs\cat-shelter\vendor\composer/../laravel/breeze/src/BreezeServiceProvider.php): Failed to open stream: No such file or directory {"exception":"[object] (ErrorException(code: 0): include(C:\\xampp\\htdocs\\cat-shelter\\vendor\\composer/../laravel/breeze/src/BreezeServiceProvider.php): Failed to open stream: No such file or directory at C:\\xampp\\htdocs\\cat-shelter\\vendor\\composer\\ClassLoader.php:571)
[stacktrace]
#0 C:\\xampp\\htdocs\\cat-shelter\\vendor\\composer\\ClassLoader.php(571): Illuminate\\Foundation\\Bootstrap\\HandleExceptions->handleError(2, 'include(C:\\\\xamp...', 'C:\\\\xampp\\\\htdocs...', 571)
#1 C:\\xampp\\htdocs\\cat-shelter\\vendor\\composer\\ClassLoader.php(571): include()
#2 C:\\xampp\\htdocs\\cat-shelter\\vendor\\composer\\ClassLoader.php(428): Composer\\Autoload\\includeFile('C:\\\\xampp\\\\htdocs...')
#3 C:\\xampp\\htdocs\\cat-shelter\\vendor\\laravel\\framework\\src\\Illuminate\\Foundation\\Application.php(816): Composer\\Autoload\\ClassLoader->loadClass('Laravel\\\\Breeze\\\\...')
#4 C:\\xampp\\htdocs\\cat-shelter\\vendor\\laravel\\framework\\src\\Illuminate\\Foundation\\Application.php(796): Illuminate\\Foundation\\Application->registerDeferredProvider('Laravel\\\\Breeze\\\\...', 'Laravel\\\\Breeze\\\\...')
#5 C:\\xampp\\htdocs\\cat-shelter\\vendor\\laravel\\framework\\src\\Illuminate\\Foundation\\Application.php(772): Illuminate\\Foundation\\Application->loadDeferredProvider('Laravel\\\\Breeze\\\\...')
#6 C:\\xampp\\htdocs\\cat-shelter\\vendor\\laravel\\framework\\src\\Illuminate\\Foundation\\Console\\Kernel.php(313): Illuminate\\Foundation\\Application->loadDeferredProviders()
#7 C:\\xampp\\htdocs\\cat-shelter\\vendor\\laravel\\framework\\src\\Illuminate\\Foundation\\Console\\Kernel.php(127): Illuminate\\Foundation\\Console\\Kernel->bootstrap()
#8 Command line code(1): Illuminate\\Foundation\\Console\\Kernel->handle(Object(Symfony\\Component\\Console\\Input\\ArgvInput), Object(Symfony\\Component\\Console\\Output\\ConsoleOutput))
#9 {main}
"} 
[2022-09-15 08:10:38] local.ERROR: include(C:\xampp\htdocs\cat-shelter\vendor\composer/../laravel/breeze/src/BreezeServiceProvider.php): Failed to open stream: No such file or directory {"exception":"[object] (ErrorException(code: 0): include(C:\\xampp\\htdocs\\cat-shelter\\vendor\\composer/../laravel/breeze/src/BreezeServiceProvider.php): Failed to open stream: No such file or directory at C:\\xampp\\htdocs\\cat-shelter\\vendor\\composer\\ClassLoader.php:571)
[stacktrace]
#0 C:\\xampp\\htdocs\\cat-shelter\\vendor\\composer\\ClassLoader.php(571): Illuminate\\Foundation\\Bootstrap\\HandleExceptions->handleError(2, 'include(C:\\\\xamp...', 'C:\\\\xampp\\\\htdocs...', 571)
#1 C:\\xampp\\htdocs\\cat-shelter\\vendor\\composer\\ClassLoader.php(571): include()
#2 C:\\xampp\\htdocs\\cat-shelter\\vendor\\composer\\ClassLoader.php(428): Composer\\Autoload\\includeFile('C:\\\\xampp\\\\htdocs...')
#3 C:\\xampp\\htdocs\\cat-shelter\\vendor\\laravel\\framework\\src\\Illuminate\\Foundation\\Application.php(816): Composer\\Autoload\\ClassLoader->loadClass('Laravel\\\\Breeze\\\\...')
#4 C:\\xampp\\htdocs\\cat-shelter\\vendor\\laravel\\framework\\src\\Illuminate\\Foundation\\Application.php(796): Illuminate\\Foundation\\Application->registerDeferredProvider('Laravel\\\\Breeze\\\\...', 'Laravel\\\\Breeze\\\\...')
#5 C:\\xampp\\htdocs\\cat-shelter\\vendor\\laravel\\framework\\src\\Illuminate\\Foundation\\Application.php(772): Illuminate\\Foundation\\Application->loadDeferredProvider('Laravel\\\\Breeze\\\\...')
#6 C:\\xampp\\htdocs\\cat-shelter\\vendor\\laravel\\framework\\src\\Illuminate\\Foundation\\Console\\Kernel.php(313): Illuminate\\Foundation\\Application->loadDeferredProviders()
#7 C:\\xampp\\htdocs\\cat-shelter\\vendor\\laravel\\framework\\src\\Illuminate\\Foundation\\Console\\Kernel.php(127): Illuminate\\Foundation\\Console\\Kernel->bootstrap()
#8 Command line code(1): Illuminate\\Foundation\\Console\\Kernel->handle(Object(Symfony\\Component\\Console\\Input\\ArgvInput), Object(Symfony\\Component\\Console\\Output\\ConsoleOutput))
#9 {main}
"} 
